0 info it worked if it ends with ok
1 verbose cli [ '/Users/pavithra.k/.nvm/versions/node/v7.2.0/bin/node',
1 verbose cli   '/Users/pavithra.k/.nvm/versions/node/v7.2.0/bin/npm',
1 verbose cli   'run',
1 verbose cli   'start' ]
2 info using npm@3.10.9
3 info using node@v7.2.0
4 verbose run-script [ 'prestart', 'start', 'poststart' ]
5 info lifecycle es2015-hacker-news@1.0.0~prestart: es2015-hacker-news@1.0.0
6 silly lifecycle es2015-hacker-news@1.0.0~prestart: no script for prestart, continuing
7 info lifecycle es2015-hacker-news@1.0.0~start: es2015-hacker-news@1.0.0
8 verbose lifecycle es2015-hacker-news@1.0.0~start: unsafe-perm in lifecycle true
9 verbose lifecycle es2015-hacker-news@1.0.0~start: PATH: /Users/pavithra.k/.nvm/versions/node/v7.2.0/lib/node_modules/npm/bin/node-gyp-bin:/Users/pavithra.k/Workspace/es6-js-meetup/es2015-hacker-news/node_modules/.bin:/Users/pavithra.k/.rvm/gems/ruby-2.3.0/bin:/Users/pavithra.k/.rvm/gems/ruby-2.3.0@global/bin:/Users/pavithra.k/.rvm/rubies/ruby-2.3.0/bin:/usr/local/bin:/Users/pavithra.k/.nvm/versions/node/v7.2.0/bin:/usr/local/heroku/bin:/usr/local/mysql/bin:/usr/local/sbin:/usr/bin:/bin:/usr/sbin:/sbin:/usr/local/bin:/Users/pavithra.k/.rvm/bin
10 verbose lifecycle es2015-hacker-news@1.0.0~start: CWD: /Users/pavithra.k/Workspace/es6-js-meetup/es2015-hacker-news
11 silly lifecycle es2015-hacker-news@1.0.0~start: Args: [ '-c',
11 silly lifecycle   'NODE_ENV=development webpack-dev-server --inline --hot --progress' ]
12 silly lifecycle es2015-hacker-news@1.0.0~start: Returned: code: 1  signal: null
13 info lifecycle es2015-hacker-news@1.0.0~start: Failed to exec start script
14 verbose stack Error: es2015-hacker-news@1.0.0 start: `NODE_ENV=development webpack-dev-server --inline --hot --progress`
14 verbose stack Exit status 1
14 verbose stack     at EventEmitter.<anonymous> (/Users/pavithra.k/.nvm/versions/node/v7.2.0/lib/node_modules/npm/lib/utils/lifecycle.js:255:16)
14 verbose stack     at emitTwo (events.js:106:13)
14 verbose stack     at EventEmitter.emit (events.js:191:7)
14 verbose stack     at ChildProcess.<anonymous> (/Users/pavithra.k/.nvm/versions/node/v7.2.0/lib/node_modules/npm/lib/utils/spawn.js:40:14)
14 verbose stack     at emitTwo (events.js:106:13)
14 verbose stack     at ChildProcess.emit (events.js:191:7)
14 verbose stack     at maybeClose (internal/child_process.js:885:16)
14 verbose stack     at Process.ChildProcess._handle.onexit (internal/child_process.js:226:5)
15 verbose pkgid es2015-hacker-news@1.0.0
16 verbose cwd /Users/pavithra.k/Workspace/es6-js-meetup/es2015-hacker-news
17 error Darwin 16.3.0
18 error argv "/Users/pavithra.k/.nvm/versions/node/v7.2.0/bin/node" "/Users/pavithra.k/.nvm/versions/node/v7.2.0/bin/npm" "run" "start"
19 error node v7.2.0
20 error npm  v3.10.9
21 error code ELIFECYCLE
22 error es2015-hacker-news@1.0.0 start: `NODE_ENV=development webpack-dev-server --inline --hot --progress`
22 error Exit status 1
23 error Failed at the es2015-hacker-news@1.0.0 start script 'NODE_ENV=development webpack-dev-server --inline --hot --progress'.
23 error Make sure you have the latest version of node.js and npm installed.
23 error If you do, this is most likely a problem with the es2015-hacker-news package,
23 error not with npm itself.
23 error Tell the author that this fails on your system:
23 error     NODE_ENV=development webpack-dev-server --inline --hot --progress
23 error You can get information on how to open an issue for this project with:
23 error     npm bugs es2015-hacker-news
23 error Or if that isn't available, you can get their info via:
23 error     npm owner ls es2015-hacker-news
23 error There is likely additional logging output above.
24 verbose exit [ 1, true ]
